<?xml version="1.0" encoding="UTF-8"?>
<testng-results skipped="0" failed="1" ignored="0" total="1" passed="0">
  <reporter-output>
    <line>
      <![CDATA[STEP1]]>
    </line>
  </reporter-output>
  <suite name="Default suite" duration-ms="65497" started-at="2018-10-08T09:08:29Z" finished-at="2018-10-08T09:09:34Z">
    <groups>
    </groups>
    <test name="Default test" duration-ms="65497" started-at="2018-10-08T09:08:29Z" finished-at="2018-10-08T09:09:34Z">
      <class name="com.cuetrans.testcases.VehicleMaster_Create">
        <test-method status="PASS" signature="beforeSuite()[pri:0, instance:com.cuetrans.testcases.VehicleMaster_Create@2db7a79b]" name="beforeSuite" is-config="true" duration-ms="1093" started-at="2018-10-08T09:08:27Z" finished-at="2018-10-08T09:08:29Z">
          <reporter-output>
          </reporter-output>
        </test-method> <!-- beforeSuite -->
        <test-method status="PASS" signature="setSheetName()[pri:0, instance:com.cuetrans.testcases.VehicleMaster_Create@2db7a79b]" name="setSheetName" is-config="true" duration-ms="3" started-at="2018-10-08T09:08:29Z" depends-on-methods="com.cuetrans.wrappers.ProjectWrappers.beforeSuite" finished-at="2018-10-08T09:08:29Z">
          <reporter-output>
          </reporter-output>
        </test-method> <!-- setSheetName -->
        <test-method status="PASS" signature="beforeTest()[pri:0, instance:com.cuetrans.testcases.VehicleMaster_Create@2db7a79b]" name="beforeTest" is-config="true" duration-ms="10" started-at="2018-10-08T09:08:29Z" finished-at="2018-10-08T09:08:29Z">
          <reporter-output>
          </reporter-output>
        </test-method> <!-- beforeTest -->
        <test-method status="PASS" signature="getAllObjectLocators()[pri:0, instance:com.cuetrans.testcases.VehicleMaster_Create@2db7a79b]" name="getAllObjectLocators" is-config="true" duration-ms="585" started-at="2018-10-08T09:08:29Z" finished-at="2018-10-08T09:08:29Z">
          <reporter-output>
          </reporter-output>
        </test-method> <!-- getAllObjectLocators -->
        <test-method status="PASS" signature="getAllObjects()[pri:0, instance:com.cuetrans.testcases.VehicleMaster_Create@2db7a79b]" name="getAllObjects" is-config="true" duration-ms="103" started-at="2018-10-08T09:08:29Z" finished-at="2018-10-08T09:08:29Z">
          <reporter-output>
          </reporter-output>
        </test-method> <!-- getAllObjects -->
        <test-method status="PASS" signature="getGridConfig()[pri:0, instance:com.cuetrans.testcases.VehicleMaster_Create@2db7a79b]" name="getGridConfig" is-config="true" duration-ms="82" started-at="2018-10-08T09:08:29Z" finished-at="2018-10-08T09:08:29Z">
          <reporter-output>
          </reporter-output>
        </test-method> <!-- getGridConfig -->
        <test-method status="PASS" signature="getMailConfig()[pri:0, instance:com.cuetrans.testcases.VehicleMaster_Create@2db7a79b]" name="getMailConfig" is-config="true" duration-ms="77" started-at="2018-10-08T09:08:29Z" finished-at="2018-10-08T09:08:29Z">
          <reporter-output>
          </reporter-output>
        </test-method> <!-- getMailConfig -->
        <test-method status="PASS" signature="getMobileConfig()[pri:0, instance:com.cuetrans.testcases.VehicleMaster_Create@2db7a79b]" name="getMobileConfig" is-config="true" duration-ms="55" started-at="2018-10-08T09:08:29Z" finished-at="2018-10-08T09:08:29Z">
          <reporter-output>
          </reporter-output>
        </test-method> <!-- getMobileConfig -->
        <test-method status="PASS" signature="setTestData()[pri:0, instance:com.cuetrans.testcases.VehicleMaster_Create@2db7a79b]" name="setTestData" is-config="true" duration-ms="64" started-at="2018-10-08T09:08:29Z" finished-at="2018-10-08T09:08:30Z">
          <reporter-output>
          </reporter-output>
        </test-method> <!-- setTestData -->
        <test-method status="PASS" signature="setData()[pri:0, instance:com.cuetrans.testcases.VehicleMaster_Create@2db7a79b]" name="setData" is-config="true" duration-ms="3" started-at="2018-10-08T09:08:30Z" finished-at="2018-10-08T09:08:30Z">
          <reporter-output>
          </reporter-output>
        </test-method> <!-- setData -->
        <test-method status="PASS" signature="beforeMethod()[pri:0, instance:com.cuetrans.testcases.VehicleMaster_Create@2db7a79b]" name="beforeMethod" is-config="true" duration-ms="6856" started-at="2018-10-08T09:08:30Z" finished-at="2018-10-08T09:08:36Z">
          <reporter-output>
          </reporter-output>
        </test-method> <!-- beforeMethod -->
        <test-method status="FAIL" signature="loginPass(java.lang.String, java.lang.String)[pri:0, instance:com.cuetrans.testcases.VehicleMaster_Create@2db7a79b]" name="loginPass" duration-ms="56439" started-at="2018-10-08T09:08:36Z" data-provider="fetchData" finished-at="2018-10-08T09:09:33Z">
          <params>
            <param index="0">
              <value>
                <![CDATA[testuser]]>
              </value>
            </param>
            <param index="1">
              <value>
                <![CDATA[admin123]]>
              </value>
            </param>
          </params>
          <exception class="java.lang.RuntimeException">
            <message>
              <![CDATA[Failed]]>
            </message>
            <full-stacktrace>
              <![CDATA[java.lang.RuntimeException: Failed
at com.cuetrans.utils.ReporterExtent.reportStep(ReporterExtent.java:58)
at com.cuetrans.utils.ReporterExtent.reportStep(ReporterExtent.java:23)
at com.cuetrans.wrappers.GenericWrappers.enter(GenericWrappers.java:1116)
at com.cuetrans.pages.CreateVehiclePage.enterVehicleCode(CreateVehiclePage.java:28)
at com.cuetrans.testcases.VehicleMaster_Create.loginPass(VehicleMaster_Create.java:43)
at sun.reflect.NativeMethodAccessorImpl.invoke0(Native Method)
at sun.reflect.NativeMethodAccessorImpl.invoke(Unknown Source)
at sun.reflect.DelegatingMethodAccessorImpl.invoke(Unknown Source)
at java.lang.reflect.Method.invoke(Unknown Source)
at org.testng.internal.MethodInvocationHelper.invokeMethod(MethodInvocationHelper.java:124)
at org.testng.internal.Invoker.invokeMethod(Invoker.java:583)
at org.testng.internal.Invoker.invokeTestMethod(Invoker.java:719)
at org.testng.internal.Invoker.invokeTestMethods(Invoker.java:989)
at org.testng.internal.TestMethodWorker.invokeTestMethods(TestMethodWorker.java:125)
at org.testng.internal.TestMethodWorker.run(TestMethodWorker.java:109)
at org.testng.TestRunner.privateRun(TestRunner.java:648)
at org.testng.TestRunner.run(TestRunner.java:505)
at org.testng.SuiteRunner.runTest(SuiteRunner.java:455)
at org.testng.SuiteRunner.runSequentially(SuiteRunner.java:450)
at org.testng.SuiteRunner.privateRun(SuiteRunner.java:415)
at org.testng.SuiteRunner.run(SuiteRunner.java:364)
at org.testng.SuiteRunnerWorker.runSuite(SuiteRunnerWorker.java:52)
at org.testng.SuiteRunnerWorker.run(SuiteRunnerWorker.java:84)
at org.testng.TestNG.runSuitesSequentially(TestNG.java:1208)
at org.testng.TestNG.runSuitesLocally(TestNG.java:1137)
at org.testng.TestNG.runSuites(TestNG.java:1049)
at org.testng.TestNG.run(TestNG.java:1017)
at org.testng.remote.AbstractRemoteTestNG.run(AbstractRemoteTestNG.java:114)
at org.testng.remote.RemoteTestNG.initAndRun(RemoteTestNG.java:251)
at org.testng.remote.RemoteTestNG.main(RemoteTestNG.java:77)
]]>
            </full-stacktrace>
          </exception> <!-- java.lang.RuntimeException -->
          <reporter-output>
            <line>
              <![CDATA[STEP1]]>
            </line>
          </reporter-output>
        </test-method> <!-- loginPass -->
        <test-method status="PASS" signature="afterMethod()[pri:0, instance:com.cuetrans.testcases.VehicleMaster_Create@2db7a79b]" name="afterMethod" is-config="true" duration-ms="680" started-at="2018-10-08T09:09:33Z" finished-at="2018-10-08T09:09:34Z">
          <reporter-output>
          </reporter-output>
        </test-method> <!-- afterMethod -->
        <test-method status="FAIL" signature="afterTest()[pri:0, instance:com.cuetrans.testcases.VehicleMaster_Create@2db7a79b]" name="afterTest" is-config="true" duration-ms="458" started-at="2018-10-08T09:09:34Z" finished-at="2018-10-08T09:09:34Z">
          <exception class="java.lang.NullPointerException">
            <full-stacktrace>
              <![CDATA[java.lang.NullPointerException
at org.apache.pdfbox.cos.COSString.<init>(COSString.java:126)
at org.apache.pdfbox.pdmodel.edit.PDPageContentStream.drawString(PDPageContentStream.java:556)
at com.cuetrans.utils.PDFReporter.headerTable(PDFReporter.java:482)
at com.cuetrans.utils.PDFReporter.addTestExecutionOverview(PDFReporter.java:381)
at com.cuetrans.utils.PDFReporter.createDocumentWithMultiplePage(PDFReporter.java:177)
at com.cuetrans.utils.PDFReporter.createPDFReport(PDFReporter.java:529)
at com.cuetrans.wrappers.ProjectWrappers.afterTest(ProjectWrappers.java:230)
at sun.reflect.NativeMethodAccessorImpl.invoke0(Native Method)
at sun.reflect.NativeMethodAccessorImpl.invoke(Unknown Source)
at sun.reflect.DelegatingMethodAccessorImpl.invoke(Unknown Source)
at java.lang.reflect.Method.invoke(Unknown Source)
at org.testng.internal.MethodInvocationHelper.invokeMethod(MethodInvocationHelper.java:124)
at org.testng.internal.MethodInvocationHelper.invokeMethodConsideringTimeout(MethodInvocationHelper.java:59)
at org.testng.internal.Invoker.invokeConfigurationMethod(Invoker.java:458)
at org.testng.internal.Invoker.invokeConfigurations(Invoker.java:222)
at org.testng.internal.Invoker.invokeConfigurations(Invoker.java:142)
at org.testng.TestRunner.afterRun(TestRunner.java:725)
at org.testng.TestRunner.run(TestRunner.java:509)
at org.testng.SuiteRunner.runTest(SuiteRunner.java:455)
at org.testng.SuiteRunner.runSequentially(SuiteRunner.java:450)
at org.testng.SuiteRunner.privateRun(SuiteRunner.java:415)
at org.testng.SuiteRunner.run(SuiteRunner.java:364)
at org.testng.SuiteRunnerWorker.runSuite(SuiteRunnerWorker.java:52)
at org.testng.SuiteRunnerWorker.run(SuiteRunnerWorker.java:84)
at org.testng.TestNG.runSuitesSequentially(TestNG.java:1208)
at org.testng.TestNG.runSuitesLocally(TestNG.java:1137)
at org.testng.TestNG.runSuites(TestNG.java:1049)
at org.testng.TestNG.run(TestNG.java:1017)
at org.testng.remote.AbstractRemoteTestNG.run(AbstractRemoteTestNG.java:114)
at org.testng.remote.RemoteTestNG.initAndRun(RemoteTestNG.java:251)
at org.testng.remote.RemoteTestNG.main(RemoteTestNG.java:77)
]]>
            </full-stacktrace>
          </exception> <!-- java.lang.NullPointerException -->
          <reporter-output>
          </reporter-output>
        </test-method> <!-- afterTest -->
        <test-method status="SKIP" signature="afterSuite()[pri:0, instance:com.cuetrans.testcases.VehicleMaster_Create@2db7a79b]" name="afterSuite" is-config="true" duration-ms="0" started-at="2018-10-08T09:09:34Z" finished-at="2018-10-08T09:09:34Z">
          <reporter-output>
          </reporter-output>
        </test-method> <!-- afterSuite -->
      </class> <!-- com.cuetrans.testcases.VehicleMaster_Create -->
    </test> <!-- Default test -->
  </suite> <!-- Default suite -->
</testng-results>
